
Circuit 1 cell sky130_fd_pr__pfet_01v8 and Circuit 2 cell sky130_fd_pr__pfet_01v8 are black boxes.
Equate elements:  no current cell.
Device classes sky130_fd_pr__pfet_01v8 and sky130_fd_pr__pfet_01v8 are equivalent.

Circuit 1 cell sky130_fd_pr__nfet_01v8 and Circuit 2 cell sky130_fd_pr__nfet_01v8 are black boxes.
Equate elements:  no current cell.
Device classes sky130_fd_pr__nfet_01v8 and sky130_fd_pr__nfet_01v8 are equivalent.

Subcircuit summary:
Circuit 1: csrl_latch_final_xschem.spice   |Circuit 2: csrl_latch_final.spice          
-------------------------------------------|-------------------------------------------
sky130_fd_pr__pfet_01v8 (7)                |sky130_fd_pr__pfet_01v8 (7)                
sky130_fd_pr__nfet_01v8 (7)                |sky130_fd_pr__nfet_01v8 (7)                
Number of devices: 14                      |Number of devices: 14                      
Number of nets: 11                         |Number of nets: 11                         
---------------------------------------------------------------------------------------
Resolving symmetries by property value.
Netlists match uniquely.
Cells have no pins;  pin matching not needed.
Device classes csrl_latch_final_xschem.spice and csrl_latch_final.spice are equivalent.

Final result: Circuits match uniquely.
.
