
Circuit 1 cell sky130_fd_pr__nfet_01v8 and Circuit 2 cell sky130_fd_pr__nfet_01v8 are black boxes.
Equate elements:  no current cell.
Device classes sky130_fd_pr__nfet_01v8 and sky130_fd_pr__nfet_01v8 are equivalent.

Circuit 1 cell sky130_fd_pr__pfet_01v8 and Circuit 2 cell sky130_fd_pr__pfet_01v8 are black boxes.
Equate elements:  no current cell.
Device classes sky130_fd_pr__pfet_01v8 and sky130_fd_pr__pfet_01v8 are equivalent.

Subcircuit summary:
Circuit 1: /home/madvlsi/madvlsi/mp2/layou |Circuit 2: csrl_latch_final_xschem.spice   
-------------------------------------------|-------------------------------------------
sky130_fd_pr__nfet_01v8 (7)                |sky130_fd_pr__nfet_01v8 (9) **Mismatch**   
sky130_fd_pr__pfet_01v8 (7)                |sky130_fd_pr__pfet_01v8 (5) **Mismatch**   
Number of devices: 14                      |Number of devices: 14                      
Number of nets: 11 **Mismatch**            |Number of nets: 13 **Mismatch**            
---------------------------------------------------------------------------------------
NET mismatches: Class fragments follow (with fanout counts):
Circuit 1: /home/madvlsi/madvlsi/mp2/layou |Circuit 2: csrl_latch_final_xschem.spice   

---------------------------------------------------------------------------------------
Net: a_n100_n1040#                         |Net: VP                                    
  sky130_fd_pr__nfet_01v8/(1|3) = 3        |  sky130_fd_pr__pfet_01v8/(1|3) = 3        
                                           |                                           
Net: a_360_700#                            |Net: net3                                  
  sky130_fd_pr__pfet_01v8/(1|3) = 3        |  sky130_fd_pr__nfet_01v8/(1|3) = 3        
                                           |                                           
(no matching net)                          |Net: VN                                    
                                           |  sky130_fd_pr__nfet_01v8/(1|3) = 3        
                                           |                                           
(no matching net)                          |Net: net4                                  
                                           |  sky130_fd_pr__pfet_01v8/(1|3) = 3        
                                           |                                           
(no matching net)                          |Net: VDD                                   
                                           |  sky130_fd_pr__pfet_01v8/4 = 5            
                                           |                                           
(no matching net)                          |Net: GND                                   
                                           |  sky130_fd_pr__nfet_01v8/4 = 9            
---------------------------------------------------------------------------------------

---------------------------------------------------------------------------------------
Net: CLK                                   |Net: CLK                                   
  sky130_fd_pr__nfet_01v8/2 = 3            |  sky130_fd_pr__nfet_01v8/2 = 5            
  sky130_fd_pr__pfet_01v8/2 = 3            |  sky130_fd_pr__pfet_01v8/2 = 1            
---------------------------------------------------------------------------------------

---------------------------------------------------------------------------------------
Net: VP                                    |(no matching net)                          
  sky130_fd_pr__pfet_01v8/4 = 7            |                                           
  sky130_fd_pr__pfet_01v8/(1|3) = 3        |                                           
                                           |                                           
Net: VN                                    |(no matching net)                          
  sky130_fd_pr__nfet_01v8/(1|3) = 3        |                                           
  sky130_fd_pr__nfet_01v8/4 = 7            |                                           
---------------------------------------------------------------------------------------
DEVICE mismatches: Class fragments follow (with node fanout counts):
Circuit 1: /home/madvlsi/madvlsi/mp2/layou |Circuit 2: csrl_latch_final_xschem.spice   

---------------------------------------------------------------------------------------
Instance: sky130_fd_pr__nfet_01v8:0        |Instance: sky130_fd_pr__nfet_01v8:M6       
  (1,3) = (10,3)                           |  (1,3) = (3,3)                            
  2 = 6                                    |  2 = 6                                    
  4 = 10                                   |  4 = 9                                    
                                           |                                           
Instance: sky130_fd_pr__pfet_01v8:10       |Instance: sky130_fd_pr__pfet_01v8:M16      
  (1,3) = (10,3)                           |  (1,3) = (3,3)                            
  2 = 6                                    |  2 = 6                                    
  4 = 10                                   |  4 = 5                                    
---------------------------------------------------------------------------------------
Netlists do not match.
Cells have no pins;  pin matching not needed.
Device classes /home/madvlsi/madvlsi/mp2/layout/csrl_latch_final.spice and csrl_latch_final_xschem.spice are equivalent.

Final result: Netlists do not match.
