
Circuit 1 cell sky130_fd_pr__pfet_01v8 and Circuit 2 cell sky130_fd_pr__pfet_01v8 are black boxes.
Equate elements:  no current cell.
Device classes sky130_fd_pr__pfet_01v8 and sky130_fd_pr__pfet_01v8 are equivalent.

Circuit 1 cell sky130_fd_pr__nfet_01v8 and Circuit 2 cell sky130_fd_pr__nfet_01v8 are black boxes.
Equate elements:  no current cell.
Device classes sky130_fd_pr__nfet_01v8 and sky130_fd_pr__nfet_01v8 are equivalent.

Class bias (0):  Merged 20 parallel devices.
Class bias (1):  Merged 20 parallel devices.
Subcircuit summary:
Circuit 1: bias                            |Circuit 2: bias                            
-------------------------------------------|-------------------------------------------
sky130_fd_pr__pfet_01v8 (32->22)           |sky130_fd_pr__pfet_01v8 (32->22)           
sky130_fd_pr__nfet_01v8 (32->22)           |sky130_fd_pr__nfet_01v8 (32->22)           
Number of devices: 44                      |Number of devices: 44                      
Number of nets: 32 **Mismatch**            |Number of nets: 34 **Mismatch**            
---------------------------------------------------------------------------------------
NET mismatches: Class fragments follow (with fanout counts):
Circuit 1: bias                            |Circuit 2: bias                            

---------------------------------------------------------------------------------------
(no matching net)                          |Net: GND                                   
                                           |  sky130_fd_pr__nfet_01v8/4 = 22           
                                           |                                           
(no matching net)                          |Net: VDD                                   
                                           |  sky130_fd_pr__pfet_01v8/4 = 22           
---------------------------------------------------------------------------------------

---------------------------------------------------------------------------------------
(no matching net)                          |Net: VN                                    
                                           |  sky130_fd_pr__nfet_01v8/(1|3) = 8        
                                           |  sky130_fd_pr__nfet_01v8/2 = 2            
                                           |                                           
(no matching net)                          |Net: VP                                    
                                           |  sky130_fd_pr__pfet_01v8/(1|3) = 8        
                                           |  sky130_fd_pr__pfet_01v8/2 = 2            
---------------------------------------------------------------------------------------

---------------------------------------------------------------------------------------
Net: VBp                                   |Net: Vbp                                   
  sky130_fd_pr__pfet_01v8/2 = 14           |  sky130_fd_pr__pfet_01v8/2 = 14           
  sky130_fd_pr__nfet_01v8/(1|3) = 1        |  sky130_fd_pr__nfet_01v8/(1|3) = 1        
  sky130_fd_pr__pfet_01v8/(1|3) = 1        |  sky130_fd_pr__pfet_01v8/(1|3) = 1        
---------------------------------------------------------------------------------------

---------------------------------------------------------------------------------------
Net: VBn                                   |Net: Vbn                                   
  sky130_fd_pr__nfet_01v8/2 = 14           |  sky130_fd_pr__nfet_01v8/2 = 14           
---------------------------------------------------------------------------------------

---------------------------------------------------------------------------------------
Net: a_400_2090#                           |Net: net11                                 
  sky130_fd_pr__pfet_01v8/2 = 4            |  sky130_fd_pr__nfet_01v8/(1|3) = 2        
  sky130_fd_pr__pfet_01v8/(1|3) = 2        |  sky130_fd_pr__pfet_01v8/(1|3) = 2        
  sky130_fd_pr__nfet_01v8/(1|3) = 2        |  sky130_fd_pr__pfet_01v8/2 = 4            
                                           |                                           
Net: a_340_1574#                           |Net: net13                                 
  sky130_fd_pr__nfet_01v8/2 = 4            |  sky130_fd_pr__pfet_01v8/(1|3) = 2        
  sky130_fd_pr__nfet_01v8/(1|3) = 2        |  sky130_fd_pr__nfet_01v8/(1|3) = 2        
  sky130_fd_pr__pfet_01v8/(1|3) = 2        |  sky130_fd_pr__nfet_01v8/2 = 4            
---------------------------------------------------------------------------------------

---------------------------------------------------------------------------------------
Net: VCp                                   |Net: Vcp                                   
  sky130_fd_pr__pfet_01v8/(1|3) = 3        |  sky130_fd_pr__pfet_01v8/(1|3) = 3        
  sky130_fd_pr__nfet_01v8/(1|3) = 2        |  sky130_fd_pr__nfet_01v8/(1|3) = 2        
  sky130_fd_pr__pfet_01v8/2 = 2            |  sky130_fd_pr__pfet_01v8/2 = 2            
                                           |                                           
Net: VCn                                   |Net: Vcn                                   
  sky130_fd_pr__pfet_01v8/(1|3) = 2        |  sky130_fd_pr__pfet_01v8/(1|3) = 2        
  sky130_fd_pr__nfet_01v8/2 = 2            |  sky130_fd_pr__nfet_01v8/2 = 2            
  sky130_fd_pr__nfet_01v8/(1|3) = 3        |  sky130_fd_pr__nfet_01v8/(1|3) = 3        
---------------------------------------------------------------------------------------

---------------------------------------------------------------------------------------
Net: VN                                    |(no matching net)                          
  sky130_fd_pr__nfet_01v8/4 = 22           |                                           
  sky130_fd_pr__nfet_01v8/(1|3) = 8        |                                           
  sky130_fd_pr__nfet_01v8/2 = 2            |                                           
                                           |                                           
Net: VP                                    |(no matching net)                          
  sky130_fd_pr__pfet_01v8/(1|3) = 8        |                                           
  sky130_fd_pr__pfet_01v8/2 = 2            |                                           
  sky130_fd_pr__pfet_01v8/4 = 22           |                                           
---------------------------------------------------------------------------------------
DEVICE mismatches: Class fragments follow (with node fanout counts):
Circuit 1: bias                            |Circuit 2: bias                            

---------------------------------------------------------------------------------------
Instance: sky130_fd_pr__nfet_01v8:21       |Instance: sky130_fd_pr__nfet_01v8:M28      
  (1,3) = (32,7)                           |  (1,3) = (16,10)                          
  2 = 14                                   |  2 = 14                                   
  4 = 32                                   |  4 = 22                                   
                                           |                                           
Instance: sky130_fd_pr__nfet_01v8:20       |Instance: sky130_fd_pr__nfet_01v8:M24      
  (1,3) = (32,16)                          |  (1,3) = (10,7)                           
  2 = 14                                   |  2 = 14                                   
  4 = 32                                   |  4 = 22                                   
---------------------------------------------------------------------------------------

---------------------------------------------------------------------------------------
Instance: sky130_fd_pr__pfet_01v8:26       |Instance: sky130_fd_pr__pfet_01v8:M27      
  (1,3) = (32,16)                          |  (1,3) = (16,10)                          
  2 = 16                                   |  2 = 16                                   
  4 = 32                                   |  4 = 22                                   
                                           |                                           
Instance: sky130_fd_pr__pfet_01v8:8        |Instance: sky130_fd_pr__pfet_01v8:M21      
  (1,3) = (32,7)                           |  (1,3) = (10,7)                           
  2 = 16                                   |  2 = 16                                   
  4 = 32                                   |  4 = 22                                   
---------------------------------------------------------------------------------------
Netlists do not match.
  Flattening non-matched subcircuits bias bias

Class amp (0):  Merged 22 parallel devices.
Class amp (1):  Merged 22 parallel devices.
Subcircuit summary:
Circuit 1: amp                             |Circuit 2: amp                             
-------------------------------------------|-------------------------------------------
sky130_fd_pr__pfet_01v8 (10->6)            |sky130_fd_pr__pfet_01v8 (10->6)            
sky130_fd_pr__nfet_01v8 (30->12)           |sky130_fd_pr__nfet_01v8 (30->12)           
Number of devices: 18                      |Number of devices: 18                      
Number of nets: 17                         |Number of nets: 17                         
---------------------------------------------------------------------------------------
Netlists match uniquely.

Subcircuit pins:
Circuit 1: amp                             |Circuit 2: amp                             
-------------------------------------------|-------------------------------------------
V2                                         |V2                                         
V1                                         |V1                                         
Vout                                       |Vout                                       
VSUBS                                      |GND **Mismatch**                           
VN                                         |VN                                         
w_n180_3432#                               |VDD **Mismatch**                           
Vp                                         |VP                                         
Vcp                                        |Vcp                                        
Vbp                                        |Vbp                                        
Vcn                                        |Vcn                                        
Vbn                                        |Vbn                                        
---------------------------------------------------------------------------------------
Cell pin lists for amp and amp altered to match.
Device classes amp and amp are equivalent.

Subcircuit summary:
Circuit 1: bias_amp.spice                  |Circuit 2: amp_bias_schem.spice            
-------------------------------------------|-------------------------------------------
sky130_fd_pr__pfet_01v8 (32->22)           |sky130_fd_pr__pfet_01v8 (32->22)           
sky130_fd_pr__nfet_01v8 (32->22)           |sky130_fd_pr__nfet_01v8 (32->22)           
amp (1)                                    |amp (1)                                    
Number of devices: 45                      |Number of devices: 45                      
Number of nets: 35                         |Number of nets: 35                         
---------------------------------------------------------------------------------------
Resolving symmetries by property value.
Resolving symmetries by pin name.
Netlists match with 30 symmetries.
Cells have no pins;  pin matching not needed.
Device classes bias_amp.spice and amp_bias_schem.spice are equivalent.

Final result: Circuits match uniquely.
.
